Platanus version: 1.2.4
platanus scaffold -o Poil -IP1 sub_pair1.fq.trimmed sub_pair2.fq.trimmed -OP2 sub_mate1.fq.int_trimmed sub_mate2.fq.int_trimmed 

Error: not specified contig file!!

Usage: platanus scaffold [Options]
Options:
    -o STR                             : prefix of output file (default Poil, length <= 200)
    -c FILE1 [FILE2 ...]               : contig_file (fasta format)
    -b FILE1 [FILE2 ...]               : bubble_seq_file (fasta format)
    -ip{INT} PAIR1 [PAIR2 ...]         : lib_id inward_pair_file (reads in 1 file, fasta or fastq)
    -IP{INT} FWD1 REV1 [FWD2 REV2 ...] : lib_id inward_pair_files (reads in 2 files, fasta or fastq)
    -op{INT} PAIR1 [PAIR2 ...]         : lib_id outward_pair_file (reads in 1 file, fasta or fastq)
    -OP{INT} FWD1 REV1 [FWD2 REV2 ...] : lib_id outward_pair_files (reads in 2 files, fasta or fastq)
    -n{INT} INT                        : lib_id minimum_insert_size
    -a{INT} INT                        : lib_id average_insert_size
    -d{INT} INT                        : lib_id SD_insert_size
    -e FLOAT                           : coverage depth of homozygous region (default auto)
    -s INT                             : mapping seed length (default 32)
    -v INT                             : minimum overlap length (default 32)
    -l INT                             : minimum number of link (default 3)
    -u FLOAT                           : maximum difference for bubble crush (identity, default 0.1)
    -t INT                             : number of threads (<= 1, default 1)
    -tmp DIR                           : directory for temporary files (default .)


Outputs:
    PREFIX_scaffold.fa
    PREFIX_scaffoldBubble.fa
    PREFIX_scaffoldComponent.tsv

